<?xml version="1.0" encoding="UTF-8"?>
<!-- Generated by org.testng.reporters.JUnitReportReporter -->
<testsuite hostname="ETAuto-SM-385" failures="0" tests="1" name="dWCases.ChangeLanguageCases" time="6.252" errors="0" timestamp="2024-02-01T12:45:24 IST" skipped="0">
  <testcase classname="dWCases.ChangeLanguageCases" name="ChangingLanguageToEnglish" time="6.252"/>
</testsuite> <!-- dWCases.ChangeLanguageCases -->
