<?xml version="1.0" encoding="UTF-8"?>
<!-- Generated by org.testng.reporters.JUnitReportReporter -->
<testsuite hostname="Apples-MacBook-Air.local" failures="0" tests="1" name="dWCases.UAEPassSignIn" time="14.146" errors="0" timestamp="2024-02-08T17:08:33 IST" skipped="0">
  <testcase classname="dWCases.UAEPassSignIn" name="SignInApp" time="14.146"/>
  <system-out/>
</testsuite> <!-- dWCases.UAEPassSignIn -->
