<?xml version="1.0" encoding="UTF-8"?>
<!-- Generated by org.testng.reporters.JUnitReportReporter -->
<testsuite hostname="ETAuto-SM-385" failures="0" tests="1" name="dWCases.DWAppLaunch" time="4.268" errors="0" timestamp="2024-02-01T16:24:38 IST" skipped="0">
  <testcase classname="dWCases.DWAppLaunch" name="ChangeLanguage" time="4.268"/>
</testsuite> <!-- dWCases.DWAppLaunch -->
